   1              		.syntax unified
   2              		.cpu cortex-m3
   3              		.fpu softvfp
   4              		.eabi_attribute 20, 1
   5              		.eabi_attribute 21, 1
   6              		.eabi_attribute 23, 3
   7              		.eabi_attribute 24, 1
   8              		.eabi_attribute 25, 1
   9              		.eabi_attribute 26, 1
  10              		.eabi_attribute 30, 6
  11              		.eabi_attribute 18, 4
  12              		.thumb
  13              		.file	"common_funcs.c"
  23              	.Ltext0:
  24              		.file 1 "../common/common_funcs.c"
 16048              		.align	2
 16049              	.LC0:
 16050 0000 30313233 		.ascii	"0123456789abcdef\000"
 16050      34353637 
 16050      38396162 
 16050      63646566 
 16050      00
 16051 0011 000000   		.text
 16052              		.align	2
 16053              		.global	itoa
 16054              		.thumb
 16055              		.thumb_func
 16057              	itoa:
 16058              	.LFB29:
   1:../common/common_funcs.c **** #include "common_funcs.h"
   2:../common/common_funcs.c **** 
   3:../common/common_funcs.c **** void itoa(uint32_t val, uint32_t base,  char *bufstr)
   4:../common/common_funcs.c **** {
 16059              		.loc 1 4 0
 16060              		.cfi_startproc
 16061              		@ args = 0, pretend = 0, frame = 56
 16062              		@ frame_needed = 1, uses_anonymous_args = 0
 16063              		@ link register save eliminated.
 16064 0000 80B4     		push	{r7}
 16065              	.LCFI0:
 16066              		.cfi_def_cfa_offset 4
 16067 0002 8FB0     		sub	sp, sp, #60
 16068              	.LCFI1:
 16069              		.cfi_def_cfa_offset 64
 16070 0004 00AF     		add	r7, sp, #0
 16071              		.cfi_offset 7, -4
 16072              	.LCFI2:
 16073              		.cfi_def_cfa_register 7
 16074 0006 F860     		str	r0, [r7, #12]
 16075 0008 B960     		str	r1, [r7, #8]
 16076 000a 7A60     		str	r2, [r7, #4]
   5:../common/common_funcs.c **** 	uint8_t buf[32] = {0};
 16077              		.loc 1 5 0
 16078 000c 07F11003 		add	r3, r7, #16
 16079 0010 4FF00002 		mov	r2, #0
 16080 0014 1A60     		str	r2, [r3, #0]
 16081 0016 03F10403 		add	r3, r3, #4
 16082 001a 4FF00002 		mov	r2, #0
 16083 001e 1A60     		str	r2, [r3, #0]
 16084 0020 03F10403 		add	r3, r3, #4
 16085 0024 4FF00002 		mov	r2, #0
 16086 0028 1A60     		str	r2, [r3, #0]
 16087 002a 03F10403 		add	r3, r3, #4
 16088 002e 4FF00002 		mov	r2, #0
 16089 0032 1A60     		str	r2, [r3, #0]
 16090 0034 03F10403 		add	r3, r3, #4
 16091 0038 4FF00002 		mov	r2, #0
 16092 003c 1A60     		str	r2, [r3, #0]
 16093 003e 03F10403 		add	r3, r3, #4
 16094 0042 4FF00002 		mov	r2, #0
 16095 0046 1A60     		str	r2, [r3, #0]
 16096 0048 03F10403 		add	r3, r3, #4
 16097 004c 4FF00002 		mov	r2, #0
 16098 0050 1A60     		str	r2, [r3, #0]
 16099 0052 03F10403 		add	r3, r3, #4
 16100 0056 4FF00002 		mov	r2, #0
 16101 005a 1A60     		str	r2, [r3, #0]
 16102 005c 03F10403 		add	r3, r3, #4
   6:../common/common_funcs.c **** 	int i = 31, j = 0;
 16103              		.loc 1 6 0
 16104 0060 4FF01F03 		mov	r3, #31
 16105 0064 7B63     		str	r3, [r7, #52]
 16106 0066 4FF00003 		mov	r3, #0
 16107 006a 3B63     		str	r3, [r7, #48]
 16108              	.L2:
   7:../common/common_funcs.c **** 	do{
   8:../common/common_funcs.c **** 		buf[i] = "0123456789abcdef"[val % base];
 16109              		.loc 1 8 0 discriminator 1
 16110 006c FB68     		ldr	r3, [r7, #12]
 16111 006e BA68     		ldr	r2, [r7, #8]
 16112 0070 B3FBF2F2 		udiv	r2, r3, r2
 16113 0074 B968     		ldr	r1, [r7, #8]
 16114 0076 01FB02F2 		mul	r2, r1, r2
 16115 007a 9B1A     		subs	r3, r3, r2
 16116 007c 1E4A     		ldr	r2, .L5
 16117 007e D25C     		ldrb	r2, [r2, r3]	@ zero_extendqisi2
 16118 0080 07F11001 		add	r1, r7, #16
 16119 0084 7B6B     		ldr	r3, [r7, #52]
 16120 0086 CB18     		adds	r3, r1, r3
 16121 0088 1A70     		strb	r2, [r3, #0]
   9:../common/common_funcs.c **** 		val = val/base;
 16122              		.loc 1 9 0 discriminator 1
 16123 008a FA68     		ldr	r2, [r7, #12]
 16124 008c BB68     		ldr	r3, [r7, #8]
 16125 008e B2FBF3F3 		udiv	r3, r2, r3
 16126 0092 FB60     		str	r3, [r7, #12]
  10:../common/common_funcs.c **** 		i--;
 16127              		.loc 1 10 0 discriminator 1
 16128 0094 7B6B     		ldr	r3, [r7, #52]
 16129 0096 03F1FF33 		add	r3, r3, #-1
 16130 009a 7B63     		str	r3, [r7, #52]
  11:../common/common_funcs.c **** 	}while(val != 0);
 16131              		.loc 1 11 0 discriminator 1
 16132 009c FB68     		ldr	r3, [r7, #12]
 16133 009e 002B     		cmp	r3, #0
 16134 00a0 E4D1     		bne	.L2
  12:../common/common_funcs.c **** 
  13:../common/common_funcs.c **** 	buf[i] = 0;
 16135              		.loc 1 13 0
 16136 00a2 07F11002 		add	r2, r7, #16
 16137 00a6 7B6B     		ldr	r3, [r7, #52]
 16138 00a8 D318     		adds	r3, r2, r3
 16139 00aa 4FF00002 		mov	r2, #0
 16140 00ae 1A70     		strb	r2, [r3, #0]
  14:../common/common_funcs.c **** 	i++;
 16141              		.loc 1 14 0
 16142 00b0 7B6B     		ldr	r3, [r7, #52]
 16143 00b2 03F10103 		add	r3, r3, #1
 16144 00b6 7B63     		str	r3, [r7, #52]
  15:../common/common_funcs.c **** 	while (i < 32)
 16145              		.loc 1 15 0
 16146 00b8 10E0     		b	.L3
 16147              	.L4:
  16:../common/common_funcs.c **** 	{
  17:../common/common_funcs.c **** 		bufstr[j]=buf[i];
 16148              		.loc 1 17 0
 16149 00ba 3B6B     		ldr	r3, [r7, #48]
 16150 00bc 7A68     		ldr	r2, [r7, #4]
 16151 00be D318     		adds	r3, r2, r3
 16152 00c0 07F11001 		add	r1, r7, #16
 16153 00c4 7A6B     		ldr	r2, [r7, #52]
 16154 00c6 8A18     		adds	r2, r1, r2
 16155 00c8 1278     		ldrb	r2, [r2, #0]	@ zero_extendqisi2
 16156 00ca 1A70     		strb	r2, [r3, #0]
  18:../common/common_funcs.c **** 		i++;
 16157              		.loc 1 18 0
 16158 00cc 7B6B     		ldr	r3, [r7, #52]
 16159 00ce 03F10103 		add	r3, r3, #1
 16160 00d2 7B63     		str	r3, [r7, #52]
  19:../common/common_funcs.c **** 		j++;
 16161              		.loc 1 19 0
 16162 00d4 3B6B     		ldr	r3, [r7, #48]
 16163 00d6 03F10103 		add	r3, r3, #1
 16164 00da 3B63     		str	r3, [r7, #48]
 16165              	.L3:
  15:../common/common_funcs.c **** 	while (i < 32)
 16166              		.loc 1 15 0 discriminator 1
 16167 00dc 7B6B     		ldr	r3, [r7, #52]
 16168 00de 1F2B     		cmp	r3, #31
 16169 00e0 EBDD     		ble	.L4
  20:../common/common_funcs.c **** 	}
  21:../common/common_funcs.c **** 	bufstr[j]=0;
 16170              		.loc 1 21 0
 16171 00e2 3B6B     		ldr	r3, [r7, #48]
 16172 00e4 7A68     		ldr	r2, [r7, #4]
 16173 00e6 D318     		adds	r3, r2, r3
 16174 00e8 4FF00002 		mov	r2, #0
 16175 00ec 1A70     		strb	r2, [r3, #0]
  22:../common/common_funcs.c **** }
 16176              		.loc 1 22 0
 16177 00ee 07F13C07 		add	r7, r7, #60
 16178 00f2 BD46     		mov	sp, r7
 16179 00f4 80BC     		pop	{r7}
 16180 00f6 7047     		bx	lr
 16181              	.L6:
 16182              		.align	2
 16183              	.L5:
 16184 00f8 00000000 		.word	.LC0
 16185              		.cfi_endproc
 16186              	.LFE29:
 16188              	.Letext0:
DEFINED SYMBOLS
                            *ABS*:00000000 common_funcs.c
     /tmp/cc46Ts66.s:16048  .rodata:00000000 $d
     /tmp/cc46Ts66.s:16052  .text:00000000 $t
     /tmp/cc46Ts66.s:16057  .text:00000000 itoa
     /tmp/cc46Ts66.s:16184  .text:000000f8 $d
                     .debug_frame:00000010 $d

NO UNDEFINED SYMBOLS
